Performing C SOURCE FILE Test CMAKE_HAVE_LIBC_PTHREAD succeeded with the following output:
Change Dir: /home/jjh/Bot_Code/build/CMakeFiles/CMakeScratch/TryCompile-sck5yq

Run Build Command(s):/usr/bin/gmake -f Makefile cmTC_d8245/fast && /usr/bin/gmake  -f CMakeFiles/cmTC_d8245.dir/build.make CMakeFiles/cmTC_d8245.dir/build
gmake[1]: Entering directory '/home/jjh/Bot_Code/build/CMakeFiles/CMakeScratch/TryCompile-sck5yq'
Building C object CMakeFiles/cmTC_d8245.dir/src.c.o
/usr/bin/cc -DCMAKE_HAVE_LIBC_PTHREAD   -o CMakeFiles/cmTC_d8245.dir/src.c.o -c /home/jjh/Bot_Code/build/CMakeFiles/CMakeScratch/TryCompile-sck5yq/src.c
Linking C executable cmTC_d8245
/usr/bin/cmake -E cmake_link_script CMakeFiles/cmTC_d8245.dir/link.txt --verbose=1
/usr/bin/cc -rdynamic CMakeFiles/cmTC_d8245.dir/src.c.o -o cmTC_d8245 
gmake[1]: Leaving directory '/home/jjh/Bot_Code/build/CMakeFiles/CMakeScratch/TryCompile-sck5yq'


Source file was:
#include <pthread.h>

static void* test_func(void* data)
{
  return data;
}

int main(void)
{
  pthread_t thread;
  pthread_create(&thread, NULL, test_func, NULL);
  pthread_detach(thread);
  pthread_cancel(thread);
  pthread_join(thread, NULL);
  pthread_atfork(NULL, NULL, NULL);
  pthread_exit(NULL);

  return 0;
}


Performing C SOURCE FILE Test CMAKE_HAVE_LIBC_PTHREAD succeeded with the following output:
Change Dir: /home/jjh/Bot_Code/build/CMakeFiles/CMakeScratch/TryCompile-suuUb7

Run Build Command(s):/usr/bin/gmake -f Makefile cmTC_9c7d2/fast && /usr/bin/gmake  -f CMakeFiles/cmTC_9c7d2.dir/build.make CMakeFiles/cmTC_9c7d2.dir/build
gmake[1]: Entering directory '/home/jjh/Bot_Code/build/CMakeFiles/CMakeScratch/TryCompile-suuUb7'
Building C object CMakeFiles/cmTC_9c7d2.dir/src.c.o
/usr/bin/cc -DCMAKE_HAVE_LIBC_PTHREAD   -o CMakeFiles/cmTC_9c7d2.dir/src.c.o -c /home/jjh/Bot_Code/build/CMakeFiles/CMakeScratch/TryCompile-suuUb7/src.c
Linking C executable cmTC_9c7d2
/usr/bin/cmake -E cmake_link_script CMakeFiles/cmTC_9c7d2.dir/link.txt --verbose=1
/usr/bin/cc -rdynamic CMakeFiles/cmTC_9c7d2.dir/src.c.o -o cmTC_9c7d2 
gmake[1]: Leaving directory '/home/jjh/Bot_Code/build/CMakeFiles/CMakeScratch/TryCompile-suuUb7'


Source file was:
#include <pthread.h>

static void* test_func(void* data)
{
  return data;
}

int main(void)
{
  pthread_t thread;
  pthread_create(&thread, NULL, test_func, NULL);
  pthread_detach(thread);
  pthread_cancel(thread);
  pthread_join(thread, NULL);
  pthread_atfork(NULL, NULL, NULL);
  pthread_exit(NULL);

  return 0;
}


Performing C SOURCE FILE Test CMAKE_HAVE_LIBC_PTHREAD succeeded with the following output:
Change Dir: /home/jjh/Bot_Code/build/CMakeFiles/CMakeScratch/TryCompile-X4mbCy

Run Build Command(s):/usr/bin/gmake -f Makefile cmTC_83ccc/fast && /usr/bin/gmake  -f CMakeFiles/cmTC_83ccc.dir/build.make CMakeFiles/cmTC_83ccc.dir/build
gmake[1]: Entering directory '/home/jjh/Bot_Code/build/CMakeFiles/CMakeScratch/TryCompile-X4mbCy'
Building C object CMakeFiles/cmTC_83ccc.dir/src.c.o
/usr/bin/cc -DCMAKE_HAVE_LIBC_PTHREAD   -o CMakeFiles/cmTC_83ccc.dir/src.c.o -c /home/jjh/Bot_Code/build/CMakeFiles/CMakeScratch/TryCompile-X4mbCy/src.c
Linking C executable cmTC_83ccc
/usr/bin/cmake -E cmake_link_script CMakeFiles/cmTC_83ccc.dir/link.txt --verbose=1
/usr/bin/cc -rdynamic CMakeFiles/cmTC_83ccc.dir/src.c.o -o cmTC_83ccc 
gmake[1]: Leaving directory '/home/jjh/Bot_Code/build/CMakeFiles/CMakeScratch/TryCompile-X4mbCy'


Source file was:
#include <pthread.h>

static void* test_func(void* data)
{
  return data;
}

int main(void)
{
  pthread_t thread;
  pthread_create(&thread, NULL, test_func, NULL);
  pthread_detach(thread);
  pthread_cancel(thread);
  pthread_join(thread, NULL);
  pthread_atfork(NULL, NULL, NULL);
  pthread_exit(NULL);

  return 0;
}


Performing C SOURCE FILE Test CMAKE_HAVE_LIBC_PTHREAD succeeded with the following output:
Change Dir: /home/jjh/Bot_Code/build/CMakeFiles/CMakeScratch/TryCompile-uR0htc

Run Build Command(s):/usr/bin/gmake -f Makefile cmTC_4281b/fast && /usr/bin/gmake  -f CMakeFiles/cmTC_4281b.dir/build.make CMakeFiles/cmTC_4281b.dir/build
gmake[1]: Entering directory '/home/jjh/Bot_Code/build/CMakeFiles/CMakeScratch/TryCompile-uR0htc'
Building C object CMakeFiles/cmTC_4281b.dir/src.c.o
/usr/bin/cc -DCMAKE_HAVE_LIBC_PTHREAD   -o CMakeFiles/cmTC_4281b.dir/src.c.o -c /home/jjh/Bot_Code/build/CMakeFiles/CMakeScratch/TryCompile-uR0htc/src.c
Linking C executable cmTC_4281b
/usr/bin/cmake -E cmake_link_script CMakeFiles/cmTC_4281b.dir/link.txt --verbose=1
/usr/bin/cc -rdynamic CMakeFiles/cmTC_4281b.dir/src.c.o -o cmTC_4281b 
gmake[1]: Leaving directory '/home/jjh/Bot_Code/build/CMakeFiles/CMakeScratch/TryCompile-uR0htc'


Source file was:
#include <pthread.h>

static void* test_func(void* data)
{
  return data;
}

int main(void)
{
  pthread_t thread;
  pthread_create(&thread, NULL, test_func, NULL);
  pthread_detach(thread);
  pthread_cancel(thread);
  pthread_join(thread, NULL);
  pthread_atfork(NULL, NULL, NULL);
  pthread_exit(NULL);

  return 0;
}


